TN:
SF:src/BuiltInConverters.ts
FN:1,(anonymous_1)
FN:17,(anonymous_7)
FN:21,(anonymous_8)
FN:26,(anonymous_9)
FN:37,(anonymous_10)
FN:45,(anonymous_11)
FN:49,(anonymous_12)
FN:54,(anonymous_13)
FN:59,(anonymous_14)
FN:67,(anonymous_15)
FN:71,(anonymous_16)
FN:76,(anonymous_17)
FN:84,(anonymous_18)
FN:96,(anonymous_19)
FN:109,(anonymous_20)
FN:137,(anonymous_21)
FN:142,(anonymous_22)
FN:154,(anonymous_23)
FN:163,(anonymous_24)
FNF:19
FNH:19
FNDA:576,(anonymous_1)
FNDA:171,(anonymous_7)
FNDA:20,(anonymous_8)
FNDA:27,(anonymous_9)
FNDA:11,(anonymous_10)
FNDA:8,(anonymous_11)
FNDA:4,(anonymous_12)
FNDA:3,(anonymous_13)
FNDA:6,(anonymous_14)
FNDA:5,(anonymous_15)
FNDA:12,(anonymous_16)
FNDA:7,(anonymous_17)
FNDA:9,(anonymous_18)
FNDA:4,(anonymous_19)
FNDA:13,(anonymous_20)
FNDA:11,(anonymous_21)
FNDA:36,(anonymous_22)
FNDA:13,(anonymous_23)
FNDA:126,(anonymous_24)
DA:1,592
DA:16,1
DA:18,171
DA:22,20
DA:23,20
DA:27,27
DA:29,27
DA:30,27
DA:32,27
DA:33,9
DA:34,1
DA:38,11
DA:39,11
DA:41,1
DA:46,8
DA:50,4
DA:51,4
DA:55,3
DA:56,3
DA:60,6
DA:61,6
DA:63,1
DA:68,5
DA:69,4
DA:71,12
DA:73,4
DA:77,7
DA:78,7
DA:80,1
DA:85,9
DA:87,9
DA:88,9
DA:90,3
DA:92,1
DA:98,4
DA:99,1
DA:100,1
DA:101,1
DA:105,3
DA:106,3
DA:111,13
DA:112,13
DA:114,11
DA:115,11
DA:117,11
DA:118,11
DA:120,11
DA:122,11
DA:123,11
DA:124,11
DA:125,11
DA:126,11
DA:128,11
DA:129,8
DA:130,4
DA:131,2
DA:138,11
DA:140,11
DA:142,36
DA:146,11
DA:149,11
DA:150,11
DA:153,4
DA:154,4
DA:155,13
DA:156,13
DA:164,126
DA:180,126
DA:182,1
LF:69
LH:69
BRDA:1,0,0,2
BRDA:1,1,0,1
BRDA:1,1,1,1
BRDA:1,1,2,0
BRDA:1,2,0,2
BRDA:1,2,1,2
BRDA:18,3,0,171
BRDA:18,3,1,0
BRDA:23,4,0,2
BRDA:23,4,1,18
BRDA:32,5,0,18
BRDA:33,6,0,8
BRDA:46,7,0,8
BRDA:46,7,1,0
BRDA:51,8,0,0
BRDA:51,8,1,4
BRDA:56,9,0,0
BRDA:56,9,1,3
BRDA:67,10,0,5
BRDA:68,11,0,1
BRDA:73,12,0,4
BRDA:73,12,1,0
BRDA:88,13,0,6
BRDA:98,14,0,1
BRDA:101,15,0,0
BRDA:101,15,1,1
BRDA:106,16,0,1
BRDA:106,16,1,2
BRDA:112,17,0,2
BRDA:115,18,0,0
BRDA:118,19,0,0
BRDA:120,20,0,11
BRDA:120,20,1,1
BRDA:128,21,0,3
BRDA:129,22,0,4
BRDA:130,23,0,2
BRDA:138,24,0,0
BRDA:146,25,0,0
BRDA:146,26,0,0
BRDA:146,26,1,0
BRDA:150,27,0,7
BRDA:156,28,0,13
BRDA:156,28,1,0
BRDA:182,29,0,1
BRDA:182,29,1,0
BRF:45
BRH:30
end_of_record
TN:
SF:src/Envapt.ts
FN:1,(anonymous_1)
FN:7,createPropertyDecorator
FN:13,(anonymous_8)
FN:19,(anonymous_9)
FN:101,Envapt
FNF:5
FNH:5
FNDA:572,(anonymous_1)
FNDA:189,createPropertyDecorator
FNDA:189,(anonymous_8)
FNDA:300,(anonymous_9)
FNDA:189,Envapt
DA:1,588
DA:2,1
DA:3,1
DA:7,1
DA:13,189
DA:14,189
DA:15,189
DA:18,189
DA:22,300
DA:25,300
DA:26,189
DA:27,189
DA:28,173
DA:31,284
DA:101,2
DA:109,189
DA:111,189
DA:117,171
DA:118,171
DA:119,171
DA:120,171
DA:123,18
DA:124,18
DA:125,18
DA:128,189
LF:25
LH:25
BRDA:1,0,0,2
BRDA:1,1,0,1
BRDA:1,1,1,1
BRDA:1,1,2,0
BRDA:1,2,0,2
BRDA:1,2,1,2
BRDA:11,3,0,0
BRDA:25,4,0,189
BRDA:111,5,0,171
BRDA:111,5,1,18
BRDA:112,6,0,189
BRDA:112,6,1,175
BRDA:112,6,2,171
BRDA:112,6,3,24
BRDA:101,7,0,1
BRDA:101,7,1,0
BRF:16
BRH:13
end_of_record
TN:
SF:src/Envapter.ts
FN:1,(anonymous_1)
FN:18,(anonymous_9)
FN:30,(anonymous_10)
FN:84,(anonymous_11)
FN:96,(anonymous_12)
FN:103,(anonymous_13)
FN:113,(anonymous_14)
FN:117,(anonymous_15)
FN:123,(anonymous_16)
FN:141,(anonymous_17)
FN:154,(anonymous_18)
FN:173,(anonymous_19)
FN:188,(anonymous_20)
FN:195,(anonymous_21)
FN:202,(anonymous_22)
FN:210,(anonymous_23)
FN:217,(anonymous_24)
FN:225,(anonymous_25)
FN:232,(anonymous_26)
FN:240,(anonymous_27)
FN:247,(anonymous_28)
FN:264,(anonymous_29)
FN:271,(anonymous_30)
FN:288,(anonymous_31)
FN:295,(anonymous_32)
FN:312,(anonymous_33)
FN:319,(anonymous_34)
FN:336,(anonymous_35)
FN:343,(anonymous_36)
FN:360,(anonymous_37)
FN:367,(anonymous_38)
FN:376,(anonymous_39)
FNF:32
FNH:32
FNDA:1460,(anonymous_1)
FNDA:1,(anonymous_9)
FNDA:1,(anonymous_10)
FNDA:14,(anonymous_11)
FNDA:6,(anonymous_12)
FNDA:7,(anonymous_13)
FNDA:5,(anonymous_14)
FNDA:21,(anonymous_15)
FNDA:325,(anonymous_16)
FNDA:258,(anonymous_17)
FNDA:24,(anonymous_18)
FNDA:3,(anonymous_19)
FNDA:1,(anonymous_20)
FNDA:1,(anonymous_21)
FNDA:1,(anonymous_22)
FNDA:4,(anonymous_23)
FNDA:2,(anonymous_24)
FNDA:4,(anonymous_25)
FNDA:2,(anonymous_26)
FNDA:4,(anonymous_27)
FNDA:2,(anonymous_28)
FNDA:68,(anonymous_29)
FNDA:174,(anonymous_30)
FNDA:2,(anonymous_31)
FNDA:1,(anonymous_32)
FNDA:2,(anonymous_33)
FNDA:1,(anonymous_34)
FNDA:3,(anonymous_35)
FNDA:2,(anonymous_36)
FNDA:3,(anonymous_37)
FNDA:2,(anonymous_38)
FNDA:46,(anonymous_39)
DA:1,1482
DA:3,1
DA:4,1
DA:5,1
DA:13,1
DA:18,2
DA:19,1
DA:20,1
DA:21,1
DA:22,1
DA:23,1
DA:30,2
DA:31,1
DA:32,1
DA:33,1
DA:57,1
DA:58,1
DA:59,1
DA:60,1
DA:66,1
DA:85,14
DA:86,14
DA:88,14
DA:89,14
DA:97,6
DA:104,7
DA:105,7
DA:106,7
DA:114,5
DA:118,21
DA:119,21
DA:120,21
DA:124,325
DA:126,22
DA:128,22
DA:135,1901
DA:138,325
DA:142,258
DA:143,258
DA:145,153
DA:147,153
DA:148,151
DA:149,149
DA:150,144
DA:151,140
DA:155,24
DA:157,24
DA:158,22
DA:165,2
DA:174,3
DA:189,1
DA:196,1
DA:203,1
DA:211,4
DA:218,2
DA:226,4
DA:233,2
DA:241,4
DA:248,2
DA:265,68
DA:272,174
DA:289,2
DA:296,1
DA:313,2
DA:320,1
DA:337,3
DA:344,2
DA:361,3
DA:368,2
DA:377,46
DA:379,1
LF:71
LH:71
BRDA:1,0,0,4
BRDA:1,1,0,1
BRDA:1,1,1,1
BRDA:1,1,2,0
BRDA:1,2,0,6
BRDA:1,2,1,6
BRDA:18,3,0,1
BRDA:18,3,1,1
BRDA:30,4,0,1
BRDA:30,4,1,1
BRDA:85,5,0,2
BRDA:85,5,1,12
BRDA:124,6,0,22
BRDA:141,7,0,0
BRDA:143,8,0,105
BRDA:147,9,0,2
BRDA:148,10,0,2
BRDA:149,11,0,5
BRDA:150,12,0,4
BRDA:155,13,0,24
BRDA:155,13,1,22
BRDA:157,14,0,22
BRDA:157,14,1,2
BRDA:159,15,0,1
BRDA:159,15,1,21
BRDA:161,16,0,2
BRDA:161,16,1,19
BRDA:379,17,0,1
BRDA:379,17,1,0
BRF:29
BRH:26
end_of_record
TN:
SF:src/Error.ts
FN:1,(anonymous_1)
FN:2,(anonymous_8)
FN:46,(anonymous_9)
FNF:3
FNH:3
FNDA:316,(anonymous_1)
FNDA:1,(anonymous_8)
FNDA:39,(anonymous_9)
DA:1,335
DA:2,2
DA:5,1
DA:7,1
DA:9,1
DA:11,1
DA:15,1
DA:17,1
DA:19,1
DA:21,1
DA:23,1
DA:28,1
DA:30,1
DA:32,1
DA:43,1
DA:47,39
DA:48,39
DA:49,39
DA:51,39
DA:53,1
LF:20
LH:20
BRDA:1,0,0,3
BRDA:1,1,0,1
BRDA:1,1,1,1
BRDA:1,1,2,0
BRDA:1,2,0,4
BRDA:1,2,1,4
BRDA:2,3,0,1
BRDA:2,3,1,1
BRDA:53,4,0,1
BRDA:53,4,1,0
BRF:10
BRH:8
end_of_record
TN:
SF:src/ListOfBuiltInConverters.ts
FN:1,(anonymous_1)
FN:31,(anonymous_8)
FN:32,(anonymous_9)
FN:33,(anonymous_10)
FN:34,(anonymous_11)
FN:35,(anonymous_12)
FN:36,(anonymous_13)
FN:37,(anonymous_14)
FN:38,(anonymous_15)
FN:46,(anonymous_16)
FN:47,(anonymous_17)
FN:48,(anonymous_18)
FN:49,(anonymous_19)
FN:50,(anonymous_20)
FNF:14
FNH:14
FNDA:984,(anonymous_1)
FNDA:27,(anonymous_8)
FNDA:15,(anonymous_9)
FNDA:25,(anonymous_10)
FNDA:7,(anonymous_11)
FNDA:6,(anonymous_12)
FNDA:3,(anonymous_13)
FNDA:3,(anonymous_14)
FNDA:7,(anonymous_15)
FNDA:10,(anonymous_16)
FNDA:6,(anonymous_17)
FNDA:6,(anonymous_18)
FNDA:4,(anonymous_19)
FNDA:11,(anonymous_20)
DA:1,1003
DA:7,1
DA:30,1
DA:31,27
DA:32,15
DA:33,25
DA:34,7
DA:35,6
DA:36,3
DA:37,3
DA:39,7
DA:40,7
DA:41,6
DA:43,1
DA:46,10
DA:47,6
DA:48,6
DA:49,4
DA:50,11
DA:51,1
LF:20
LH:20
BRDA:1,0,0,3
BRDA:1,1,0,1
BRDA:1,1,1,1
BRDA:1,1,2,0
BRDA:1,2,0,4
BRDA:1,2,1,4
BRDA:36,3,0,3
BRDA:36,3,1,3
BRDA:51,4,0,1
BRDA:51,4,1,0
BRF:10
BRH:8
end_of_record
TN:
SF:src/Parser.ts
FN:1,(anonymous_1)
FN:24,(anonymous_7)
FN:26,(anonymous_8)
FN:31,(anonymous_9)
FN:55,(anonymous_10)
FN:81,(anonymous_11)
FN:92,(anonymous_12)
FN:102,(anonymous_13)
FN:136,(anonymous_14)
FN:176,(anonymous_15)
FN:195,(anonymous_16)
FNF:11
FNH:11
FNDA:384,(anonymous_1)
FNDA:190,(anonymous_7)
FNDA:197,(anonymous_8)
FNDA:49,(anonymous_9)
FNDA:189,(anonymous_10)
FNDA:189,(anonymous_11)
FNDA:16,(anonymous_12)
FNDA:165,(anonymous_13)
FNDA:18,(anonymous_14)
FNDA:6,(anonymous_15)
FNDA:189,(anonymous_16)
DA:1,400
DA:2,1
DA:3,1
DA:21,1
DA:22,190
DA:24,190
DA:27,197
DA:29,197
DA:31,197
DA:32,49
DA:33,49
DA:35,49
DA:37,46
DA:38,46
DA:40,44
DA:43,44
DA:46,42
DA:48,42
DA:51,197
DA:52,197
DA:61,189
DA:62,189
DA:65,189
DA:66,18
DA:69,171
DA:70,16
DA:71,16
DA:74,155
DA:75,149
DA:78,6
DA:86,189
DA:87,9
DA:89,180
DA:93,16
DA:94,14
DA:95,7
DA:96,5
DA:97,2
DA:99,0
DA:110,165
DA:114,165
DA:115,122
DA:118,112
DA:119,10
DA:123,154
DA:125,154
DA:127,122
DA:128,122
DA:131,122
DA:133,121
DA:143,18
DA:146,17
DA:147,1
DA:154,16
DA:156,12
DA:159,11
DA:160,6
DA:164,14
DA:166,14
DA:168,11
DA:171,11
DA:173,11
DA:182,6
DA:185,5
DA:190,5
DA:192,2
DA:200,189
DA:203,45
DA:204,45
DA:205,42
DA:206,37
DA:207,36
DA:208,35
DA:210,1
LF:74
LH:73
BRDA:1,0,0,2
BRDA:1,1,0,1
BRDA:1,1,1,1
BRDA:1,1,2,0
BRDA:1,2,0,2
BRDA:1,2,1,2
BRDA:26,3,0,153
BRDA:27,4,0,0
BRDA:33,5,0,0
BRDA:35,6,0,3
BRDA:38,7,0,2
BRDA:38,8,0,46
BRDA:38,8,1,44
BRDA:43,9,0,2
BRDA:46,10,0,0
BRDA:46,11,0,42
BRDA:46,11,1,42
BRDA:59,12,0,0
BRDA:65,13,0,18
BRDA:69,14,0,16
BRDA:74,15,0,149
BRDA:86,16,0,9
BRDA:86,17,0,189
BRDA:86,17,1,16
BRDA:93,18,0,2
BRDA:94,19,0,7
BRDA:95,20,0,2
BRDA:96,21,0,3
BRDA:97,22,0,2
BRDA:114,23,0,122
BRDA:114,24,0,165
BRDA:114,24,1,133
BRDA:114,24,2,131
BRDA:118,25,0,10
BRDA:118,26,0,112
BRDA:118,26,1,10
BRDA:125,27,0,32
BRDA:125,28,0,29
BRDA:125,28,1,3
BRDA:131,29,0,1
BRDA:131,30,0,122
BRDA:131,30,1,1
BRDA:146,31,0,1
BRDA:146,32,0,17
BRDA:146,32,1,13
BRDA:146,32,2,13
BRDA:154,33,0,12
BRDA:154,34,0,16
BRDA:154,34,1,12
BRDA:159,35,0,6
BRDA:166,36,0,3
BRDA:166,37,0,2
BRDA:166,37,1,1
BRDA:171,38,0,0
BRDA:171,39,0,11
BRDA:171,39,1,0
BRDA:190,40,0,3
BRDA:190,41,0,3
BRDA:190,41,1,0
BRDA:200,42,0,144
BRDA:204,43,0,3
BRDA:205,44,0,5
BRDA:206,45,0,1
BRDA:207,46,0,1
BRDA:210,47,0,1
BRDA:210,47,1,0
BRF:66
BRH:57
end_of_record
TN:
SF:src/Validators.ts
FN:1,(anonymous_1)
FN:19,(anonymous_8)
FN:27,(anonymous_9)
FN:39,(anonymous_10)
FN:46,(anonymous_11)
FN:52,(anonymous_12)
FN:66,(anonymous_13)
FN:82,(anonymous_14)
FN:98,(anonymous_15)
FN:113,(anonymous_16)
FN:118,(anonymous_17)
FN:134,(anonymous_18)
FN:151,(anonymous_19)
FN:160,(anonymous_20)
FN:174,(anonymous_21)
FN:189,(anonymous_22)
FN:213,(anonymous_23)
FN:222,(anonymous_24)
FN:237,(anonymous_25)
FN:238,(anonymous_26)
FNF:20
FNH:20
FNDA:2326,(anonymous_1)
FNDA:155,(anonymous_8)
FNDA:218,(anonymous_9)
FNDA:32,(anonymous_10)
FNDA:299,(anonymous_11)
FNDA:6,(anonymous_12)
FNDA:29,(anonymous_13)
FNDA:181,(anonymous_14)
FNDA:122,(anonymous_15)
FNDA:22,(anonymous_16)
FNDA:19,(anonymous_17)
FNDA:13,(anonymous_18)
FNDA:370,(anonymous_19)
FNDA:23,(anonymous_20)
FNDA:23,(anonymous_21)
FNDA:15,(anonymous_22)
FNDA:17,(anonymous_23)
FNDA:20,(anonymous_24)
FNDA:17,(anonymous_25)
FNDA:20,(anonymous_26)
DA:1,2559
DA:3,1
DA:4,1
DA:15,1
DA:20,155
DA:21,5
DA:28,218
DA:40,32
DA:42,29
DA:44,29
DA:45,23
DA:46,299
DA:49,23
DA:55,6
DA:56,1
DA:67,29
DA:68,3
DA:71,26
DA:72,5
DA:83,181
DA:84,3
DA:87,178
DA:88,3
DA:99,122
DA:101,122
DA:102,122
DA:103,10
DA:115,22
DA:117,9
DA:118,9
DA:119,19
DA:120,10
DA:123,9
DA:124,2
DA:135,13
DA:137,8
DA:138,8
DA:140,8
DA:141,3
DA:154,370
DA:165,23
DA:168,15
DA:178,23
DA:179,22
DA:180,20
DA:181,19
DA:182,17
DA:183,15
DA:193,15
DA:194,15
DA:195,13
DA:196,11
DA:197,8
DA:198,3
DA:200,2
DA:207,0
DA:214,17
DA:215,2
DA:221,15
DA:222,20
DA:224,15
DA:225,2
DA:231,13
DA:238,17
DA:239,20
DA:240,20
DA:241,17
DA:243,3
DA:247,17
DA:248,2
DA:254,1
LF:71
LH:70
BRDA:1,0,0,109
BRDA:1,1,0,3
BRDA:1,1,1,3
BRDA:1,1,2,1
BRDA:1,2,0,216
BRDA:1,2,1,214
BRDA:20,3,0,150
BRDA:29,4,0,218
BRDA:29,4,1,46
BRDA:29,4,2,45
BRDA:29,4,3,44
BRDA:40,5,0,3
BRDA:44,6,0,6
BRDA:55,7,0,1
BRDA:67,8,0,3
BRDA:71,9,0,5
BRDA:71,10,0,26
BRDA:71,10,1,16
BRDA:83,11,0,3
BRDA:87,12,0,3
BRDA:99,13,0,0
BRDA:102,14,0,10
BRDA:115,15,0,13
BRDA:115,16,0,22
BRDA:115,16,1,22
BRDA:119,17,0,9
BRDA:123,18,0,2
BRDA:135,19,0,5
BRDA:140,20,0,3
BRDA:154,21,0,370
BRDA:154,21,1,365
BRDA:154,21,2,350
BRDA:154,21,3,345
BRDA:154,21,4,338
BRDA:165,22,0,8
BRDA:178,23,0,1
BRDA:178,24,0,23
BRDA:178,24,1,3
BRDA:179,25,0,2
BRDA:179,26,0,22
BRDA:179,26,1,4
BRDA:180,27,0,1
BRDA:180,28,0,20
BRDA:180,28,1,4
BRDA:181,29,0,2
BRDA:181,30,0,19
BRDA:181,30,1,7
BRDA:182,31,0,2
BRDA:182,32,0,17
BRDA:182,32,1,5
BRDA:194,33,0,2
BRDA:195,34,0,2
BRDA:196,35,0,3
BRDA:197,36,0,5
BRDA:198,37,0,3
BRDA:214,38,0,2
BRDA:214,39,0,17
BRDA:214,39,1,16
BRDA:224,40,0,2
BRDA:247,41,0,2
BRDA:254,42,0,1
BRDA:254,42,1,0
BRF:62
BRH:60
end_of_record
TN:
SF:src/index.ts
FN:1,(anonymous_1)
FNF:1
FNH:1
FNDA:591,(anonymous_1)
DA:1,615
DA:2,1
DA:3,2
LF:3
LH:3
BRDA:1,0,0,5
BRDA:1,1,0,1
BRDA:1,1,1,1
BRDA:1,1,2,0
BRDA:1,2,0,8
BRDA:1,2,1,8
BRDA:3,3,0,1
BRDA:3,3,1,0
BRF:8
BRH:6
end_of_record
