TN:
SF:src/BuiltInConverters.ts
FN:1,(anonymous_1)
FN:17,(anonymous_7)
FN:21,(anonymous_8)
FN:26,(anonymous_9)
FN:37,(anonymous_10)
FN:45,(anonymous_11)
FN:49,(anonymous_12)
FN:54,(anonymous_13)
FN:59,(anonymous_14)
FN:67,(anonymous_15)
FN:71,(anonymous_16)
FN:76,(anonymous_17)
FN:84,(anonymous_18)
FN:96,(anonymous_19)
FN:109,(anonymous_20)
FN:137,(anonymous_21)
FN:142,(anonymous_22)
FN:154,(anonymous_23)
FN:163,(anonymous_24)
FNF:19
FNH:19
FNDA:576,(anonymous_1)
FNDA:171,(anonymous_7)
FNDA:20,(anonymous_8)
FNDA:27,(anonymous_9)
FNDA:11,(anonymous_10)
FNDA:8,(anonymous_11)
FNDA:4,(anonymous_12)
FNDA:3,(anonymous_13)
FNDA:6,(anonymous_14)
FNDA:5,(anonymous_15)
FNDA:12,(anonymous_16)
FNDA:7,(anonymous_17)
FNDA:9,(anonymous_18)
FNDA:4,(anonymous_19)
FNDA:13,(anonymous_20)
FNDA:11,(anonymous_21)
FNDA:36,(anonymous_22)
FNDA:13,(anonymous_23)
FNDA:126,(anonymous_24)
DA:1,592
DA:16,1
DA:18,171
DA:22,20
DA:23,20
DA:27,27
DA:29,27
DA:30,27
DA:32,27
DA:33,9
DA:34,1
DA:38,11
DA:39,11
DA:41,1
DA:46,8
DA:50,4
DA:51,4
DA:55,3
DA:56,3
DA:60,6
DA:61,6
DA:63,1
DA:68,5
DA:69,4
DA:71,12
DA:73,4
DA:77,7
DA:78,7
DA:80,1
DA:85,9
DA:87,9
DA:88,9
DA:90,3
DA:92,1
DA:98,4
DA:99,1
DA:100,1
DA:101,1
DA:105,3
DA:106,3
DA:111,13
DA:112,13
DA:114,11
DA:115,11
DA:117,11
DA:118,11
DA:120,11
DA:122,11
DA:123,11
DA:124,11
DA:125,11
DA:126,11
DA:128,11
DA:129,8
DA:130,4
DA:131,2
DA:138,11
DA:140,11
DA:142,36
DA:146,11
DA:149,11
DA:150,11
DA:153,4
DA:154,4
DA:155,13
DA:156,13
DA:164,126
DA:180,126
DA:182,1
LF:69
LH:69
BRDA:1,0,0,2
BRDA:1,1,0,1
BRDA:1,1,1,1
BRDA:1,1,2,0
BRDA:1,2,0,2
BRDA:1,2,1,2
BRDA:18,3,0,171
BRDA:18,3,1,0
BRDA:23,4,0,2
BRDA:23,4,1,18
BRDA:32,5,0,18
BRDA:33,6,0,8
BRDA:46,7,0,8
BRDA:46,7,1,0
BRDA:51,8,0,0
BRDA:51,8,1,4
BRDA:56,9,0,0
BRDA:56,9,1,3
BRDA:67,10,0,5
BRDA:68,11,0,1
BRDA:73,12,0,4
BRDA:73,12,1,0
BRDA:88,13,0,6
BRDA:98,14,0,1
BRDA:101,15,0,0
BRDA:101,15,1,1
BRDA:106,16,0,1
BRDA:106,16,1,2
BRDA:112,17,0,2
BRDA:115,18,0,0
BRDA:118,19,0,0
BRDA:120,20,0,11
BRDA:120,20,1,1
BRDA:128,21,0,3
BRDA:129,22,0,4
BRDA:130,23,0,2
BRDA:138,24,0,0
BRDA:146,25,0,0
BRDA:146,26,0,0
BRDA:146,26,1,0
BRDA:150,27,0,7
BRDA:156,28,0,13
BRDA:156,28,1,0
BRDA:182,29,0,1
BRDA:182,29,1,0
BRF:45
BRH:30
end_of_record
TN:
SF:src/Envapt.ts
FN:1,(anonymous_1)
FN:7,createPropertyDecorator
FN:13,(anonymous_8)
FN:19,(anonymous_9)
FN:101,Envapt
FNF:5
FNH:5
FNDA:551,(anonymous_1)
FNDA:182,createPropertyDecorator
FNDA:182,(anonymous_8)
FNDA:289,(anonymous_9)
FNDA:182,Envapt
DA:1,567
DA:2,1
DA:3,1
DA:7,1
DA:13,182
DA:14,182
DA:15,182
DA:18,182
DA:22,289
DA:25,289
DA:26,182
DA:27,182
DA:28,166
DA:31,273
DA:101,2
DA:109,182
DA:111,182
DA:117,167
DA:118,167
DA:119,167
DA:120,167
DA:123,15
DA:124,15
DA:125,15
DA:128,182
LF:25
LH:25
BRDA:1,0,0,2
BRDA:1,1,0,1
BRDA:1,1,1,1
BRDA:1,1,2,0
BRDA:1,2,0,2
BRDA:1,2,1,2
BRDA:11,3,0,0
BRDA:25,4,0,182
BRDA:111,5,0,167
BRDA:111,5,1,15
BRDA:112,6,0,182
BRDA:112,6,1,169
BRDA:112,6,2,167
BRDA:112,6,3,24
BRDA:101,7,0,1
BRDA:101,7,1,0
BRF:16
BRH:13
end_of_record
TN:
SF:src/Envapter.ts
FN:1,(anonymous_1)
FN:15,(anonymous_9)
FN:27,(anonymous_10)
FN:80,(anonymous_11)
FN:95,(anonymous_12)
FN:99,(anonymous_13)
FN:118,(anonymous_14)
FN:133,(anonymous_15)
FN:140,(anonymous_16)
FN:147,(anonymous_17)
FN:155,(anonymous_18)
FN:162,(anonymous_19)
FN:170,(anonymous_20)
FN:177,(anonymous_21)
FN:185,(anonymous_22)
FN:192,(anonymous_23)
FN:196,(anonymous_24)
FN:214,(anonymous_25)
FN:240,(anonymous_26)
FN:247,(anonymous_27)
FN:264,(anonymous_28)
FN:271,(anonymous_29)
FN:288,(anonymous_30)
FN:295,(anonymous_31)
FN:312,(anonymous_32)
FN:319,(anonymous_33)
FN:336,(anonymous_34)
FN:343,(anonymous_35)
FN:352,(anonymous_36)
FNF:29
FNH:29
FNDA:1358,(anonymous_1)
FNDA:1,(anonymous_9)
FNDA:1,(anonymous_10)
FNDA:9,(anonymous_11)
FNDA:3,(anonymous_12)
FNDA:12,(anonymous_13)
FNDA:3,(anonymous_14)
FNDA:1,(anonymous_15)
FNDA:1,(anonymous_16)
FNDA:1,(anonymous_17)
FNDA:3,(anonymous_18)
FNDA:2,(anonymous_19)
FNDA:3,(anonymous_20)
FNDA:2,(anonymous_21)
FNDA:3,(anonymous_22)
FNDA:2,(anonymous_23)
FNDA:267,(anonymous_24)
FNDA:212,(anonymous_25)
FNDA:31,(anonymous_26)
FNDA:167,(anonymous_27)
FNDA:1,(anonymous_28)
FNDA:1,(anonymous_29)
FNDA:1,(anonymous_30)
FNDA:1,(anonymous_31)
FNDA:3,(anonymous_32)
FNDA:2,(anonymous_33)
FNDA:3,(anonymous_34)
FNDA:2,(anonymous_35)
FNDA:46,(anonymous_36)
DA:1,1380
DA:3,1
DA:4,1
DA:10,1
DA:15,2
DA:16,1
DA:17,1
DA:18,1
DA:19,1
DA:20,1
DA:27,2
DA:28,1
DA:29,1
DA:30,1
DA:54,1
DA:55,1
DA:56,1
DA:62,1
DA:81,9
DA:84,9
DA:85,9
DA:88,9
DA:96,3
DA:100,12
DA:102,12
DA:103,10
DA:110,2
DA:119,3
DA:134,1
DA:141,1
DA:148,1
DA:156,3
DA:163,2
DA:171,3
DA:178,2
DA:186,3
DA:193,2
DA:197,267
DA:199,10
DA:201,10
DA:208,818
DA:211,267
DA:215,212
DA:216,212
DA:218,153
DA:220,153
DA:221,151
DA:222,149
DA:223,144
DA:224,140
DA:241,31
DA:248,167
DA:265,1
DA:272,1
DA:289,1
DA:296,1
DA:313,3
DA:320,2
DA:337,3
DA:344,2
DA:353,46
DA:355,1
LF:62
LH:62
BRDA:1,0,0,4
BRDA:1,1,0,1
BRDA:1,1,1,1
BRDA:1,1,2,0
BRDA:1,2,0,6
BRDA:1,2,1,6
BRDA:15,3,0,1
BRDA:15,3,1,1
BRDA:27,4,0,1
BRDA:27,4,1,1
BRDA:81,5,0,1
BRDA:81,5,1,8
BRDA:100,6,0,12
BRDA:100,6,1,10
BRDA:102,7,0,10
BRDA:102,7,1,2
BRDA:104,8,0,1
BRDA:104,8,1,9
BRDA:106,9,0,2
BRDA:106,9,1,7
BRDA:197,10,0,10
BRDA:214,11,0,0
BRDA:216,12,0,59
BRDA:220,13,0,2
BRDA:221,14,0,2
BRDA:222,15,0,5
BRDA:223,16,0,4
BRDA:355,17,0,1
BRDA:355,17,1,0
BRF:29
BRH:26
end_of_record
TN:
SF:src/Error.ts
FN:1,(anonymous_1)
FN:2,(anonymous_8)
FN:31,(anonymous_9)
FNF:3
FNH:3
FNDA:236,(anonymous_1)
FNDA:1,(anonymous_8)
FNDA:29,(anonymous_9)
DA:1,255
DA:2,2
DA:4,1
DA:5,1
DA:6,1
DA:7,1
DA:10,1
DA:11,1
DA:12,1
DA:13,1
DA:17,1
DA:28,1
DA:32,29
DA:33,29
DA:34,29
DA:36,29
DA:38,1
LF:17
LH:17
BRDA:1,0,0,3
BRDA:1,1,0,1
BRDA:1,1,1,1
BRDA:1,1,2,0
BRDA:1,2,0,4
BRDA:1,2,1,4
BRDA:2,3,0,1
BRDA:2,3,1,1
BRDA:38,4,0,1
BRDA:38,4,1,0
BRF:10
BRH:8
end_of_record
TN:
SF:src/ListOfBuiltInConverters.ts
FN:1,(anonymous_1)
FN:31,(anonymous_8)
FN:32,(anonymous_9)
FN:33,(anonymous_10)
FN:34,(anonymous_11)
FN:35,(anonymous_12)
FN:36,(anonymous_13)
FN:37,(anonymous_14)
FN:38,(anonymous_15)
FN:46,(anonymous_16)
FN:47,(anonymous_17)
FN:48,(anonymous_18)
FN:49,(anonymous_19)
FN:50,(anonymous_20)
FNF:14
FNH:14
FNDA:974,(anonymous_1)
FNDA:24,(anonymous_8)
FNDA:12,(anonymous_9)
FNDA:24,(anonymous_10)
FNDA:7,(anonymous_11)
FNDA:6,(anonymous_12)
FNDA:3,(anonymous_13)
FNDA:3,(anonymous_14)
FNDA:7,(anonymous_15)
FNDA:10,(anonymous_16)
FNDA:6,(anonymous_17)
FNDA:6,(anonymous_18)
FNDA:4,(anonymous_19)
FNDA:11,(anonymous_20)
DA:1,993
DA:7,1
DA:30,1
DA:31,24
DA:32,12
DA:33,24
DA:34,7
DA:35,6
DA:36,3
DA:37,3
DA:39,7
DA:40,7
DA:41,6
DA:43,1
DA:46,10
DA:47,6
DA:48,6
DA:49,4
DA:50,11
DA:51,1
LF:20
LH:20
BRDA:1,0,0,3
BRDA:1,1,0,1
BRDA:1,1,1,1
BRDA:1,1,2,0
BRDA:1,2,0,4
BRDA:1,2,1,4
BRDA:36,3,0,3
BRDA:36,3,1,3
BRDA:51,4,0,1
BRDA:51,4,1,0
BRF:10
BRH:8
end_of_record
TN:
SF:src/Parser.ts
FN:1,(anonymous_1)
FN:24,(anonymous_7)
FN:26,(anonymous_8)
FN:31,(anonymous_9)
FN:55,(anonymous_10)
FN:89,(anonymous_11)
FN:129,(anonymous_12)
FN:175,(anonymous_13)
FNF:8
FNH:8
FNDA:370,(anonymous_1)
FNDA:183,(anonymous_7)
FNDA:197,(anonymous_8)
FNDA:49,(anonymous_9)
FNDA:158,(anonymous_10)
FNDA:18,(anonymous_11)
FNDA:182,(anonymous_12)
FNDA:182,(anonymous_13)
DA:1,386
DA:2,1
DA:3,1
DA:21,1
DA:22,183
DA:24,183
DA:27,197
DA:29,197
DA:31,197
DA:32,49
DA:33,49
DA:35,49
DA:37,46
DA:38,46
DA:40,44
DA:43,44
DA:46,42
DA:48,42
DA:51,197
DA:52,197
DA:63,158
DA:67,158
DA:68,120
DA:71,110
DA:72,10
DA:76,147
DA:78,147
DA:80,122
DA:81,122
DA:84,122
DA:86,121
DA:96,18
DA:99,17
DA:100,1
DA:107,16
DA:109,12
DA:112,11
DA:113,6
DA:117,14
DA:119,14
DA:121,11
DA:124,11
DA:126,11
DA:136,182
DA:140,182
DA:146,182
DA:147,174
DA:148,172
DA:149,171
DA:150,1
DA:153,182
DA:154,18
DA:158,164
DA:159,158
DA:162,6
DA:165,5
DA:170,5
DA:172,2
DA:180,182
DA:183,42
DA:184,42
DA:185,40
DA:186,35
DA:187,34
DA:188,33
DA:190,1
LF:66
LH:66
BRDA:1,0,0,2
BRDA:1,1,0,1
BRDA:1,1,1,1
BRDA:1,1,2,0
BRDA:1,2,0,2
BRDA:1,2,1,2
BRDA:26,3,0,153
BRDA:27,4,0,0
BRDA:33,5,0,0
BRDA:35,6,0,3
BRDA:38,7,0,2
BRDA:38,8,0,46
BRDA:38,8,1,44
BRDA:43,9,0,2
BRDA:46,10,0,0
BRDA:46,11,0,42
BRDA:46,11,1,42
BRDA:60,12,0,0
BRDA:67,13,0,120
BRDA:67,14,0,158
BRDA:67,14,1,127
BRDA:67,14,2,125
BRDA:71,15,0,10
BRDA:71,16,0,110
BRDA:71,16,1,10
BRDA:78,17,0,25
BRDA:78,18,0,23
BRDA:78,18,1,2
BRDA:84,19,0,1
BRDA:84,20,0,122
BRDA:84,20,1,1
BRDA:99,21,0,1
BRDA:99,22,0,17
BRDA:99,22,1,13
BRDA:99,22,2,13
BRDA:107,23,0,12
BRDA:112,24,0,6
BRDA:119,25,0,3
BRDA:119,26,0,2
BRDA:119,26,1,1
BRDA:124,27,0,0
BRDA:124,28,0,11
BRDA:124,28,1,0
BRDA:133,29,0,0
BRDA:140,30,0,182
BRDA:140,30,1,175
BRDA:140,30,2,174
BRDA:140,30,3,172
BRDA:140,30,4,171
BRDA:146,31,0,7
BRDA:146,31,1,175
BRDA:146,32,0,1
BRDA:146,32,1,174
BRDA:147,33,0,2
BRDA:147,33,1,172
BRDA:148,34,0,1
BRDA:148,34,1,171
BRDA:149,35,0,1
BRDA:153,36,0,18
BRDA:158,37,0,158
BRDA:170,38,0,3
BRDA:170,39,0,3
BRDA:170,39,1,0
BRDA:180,40,0,140
BRDA:184,41,0,2
BRDA:185,42,0,5
BRDA:186,43,0,1
BRDA:187,44,0,1
BRDA:190,45,0,1
BRDA:190,45,1,0
BRF:70
BRH:60
end_of_record
TN:
SF:src/Validators.ts
FN:1,(anonymous_1)
FN:16,(anonymous_7)
FN:24,(anonymous_8)
FN:36,(anonymous_9)
FN:43,(anonymous_10)
FN:49,(anonymous_11)
FN:63,(anonymous_12)
FN:79,(anonymous_13)
FN:95,(anonymous_14)
FN:110,(anonymous_15)
FN:115,(anonymous_16)
FN:131,(anonymous_17)
FNF:12
FNH:12
FNDA:1442,(anonymous_1)
FNDA:164,(anonymous_7)
FNDA:211,(anonymous_8)
FNDA:32,(anonymous_9)
FNDA:299,(anonymous_10)
FNDA:6,(anonymous_11)
FNDA:29,(anonymous_12)
FNDA:174,(anonymous_13)
FNDA:120,(anonymous_14)
FNDA:25,(anonymous_15)
FNDA:27,(anonymous_16)
FNDA:6,(anonymous_17)
DA:1,1458
DA:2,1
DA:12,1
DA:17,164
DA:18,5
DA:25,211
DA:37,32
DA:39,29
DA:41,29
DA:42,23
DA:43,299
DA:46,23
DA:52,6
DA:53,1
DA:64,29
DA:65,3
DA:68,26
DA:69,5
DA:80,174
DA:81,3
DA:84,171
DA:85,3
DA:96,120
DA:98,120
DA:99,120
DA:100,10
DA:112,25
DA:114,12
DA:115,12
DA:116,27
DA:117,15
DA:120,12
DA:121,2
DA:132,6
DA:134,3
DA:136,3
DA:137,3
DA:138,3
DA:139,1
DA:145,1
LF:40
LH:40
BRDA:1,0,0,2
BRDA:1,1,0,1
BRDA:1,1,1,1
BRDA:1,1,2,0
BRDA:1,2,0,2
BRDA:1,2,1,2
BRDA:17,3,0,159
BRDA:26,4,0,211
BRDA:26,4,1,46
BRDA:26,4,2,45
BRDA:26,4,3,44
BRDA:37,5,0,3
BRDA:41,6,0,6
BRDA:52,7,0,1
BRDA:64,8,0,3
BRDA:68,9,0,5
BRDA:68,10,0,26
BRDA:68,10,1,16
BRDA:80,11,0,3
BRDA:84,12,0,3
BRDA:96,13,0,0
BRDA:99,14,0,10
BRDA:112,15,0,13
BRDA:112,16,0,25
BRDA:112,16,1,25
BRDA:116,17,0,12
BRDA:120,18,0,2
BRDA:132,19,0,3
BRDA:138,20,0,1
BRDA:145,21,0,1
BRDA:145,21,1,0
BRF:31
BRH:28
end_of_record
TN:
SF:src/index.ts
FN:1,(anonymous_1)
FNF:1
FNH:1
FNDA:505,(anonymous_1)
DA:1,529
DA:2,1
DA:3,2
LF:3
LH:3
BRDA:1,0,0,5
BRDA:1,1,0,1
BRDA:1,1,1,1
BRDA:1,1,2,0
BRDA:1,2,0,8
BRDA:1,2,1,8
BRDA:3,3,0,1
BRDA:3,3,1,0
BRF:8
BRH:6
end_of_record
